[35m[Appium][39m Welcome to Appium v1.22.3
[35m[Appium][39m Non-default server args:
[35m[Appium][39m   port: 58241
[35m[Appium][39m   loglevel: info
[35m[Appium][39m   tmpDir: C:\Users\CROWDO~1\AppData\Local\Temp\\Katalon\Appium\Temp1660153540100
[35m[Appium][39m   chromedriverPort: 58243
[35m[Appium][39m Deprecated server args:
[35m[Appium][39m   [31m--chromedriver-port[39m => --default-capabilities
[35m[Appium][39m Default capabilities, which will be added to each request unless overridden by desired capabilities:
[35m[Appium][39m   chromedriverPort: 58243
[35m[Appium][39m Appium REST http interface listener started on 0.0.0.0:58241
[35m[HTTP][39m [37m-->[39m [37mGET[39m [37m/wd/hub/status[39m
[35m[HTTP][39m [90m{}[39m
[35m[HTTP][39m [37m<-- GET /wd/hub/status [39m[32m200[39m [90m22 ms - 68[39m
[35m[HTTP][39m [90m[39m
[35m[HTTP][39m [37m-->[39m [37mGET[39m [37m/wd/hub/status[39m
[35m[HTTP][39m [90m{}[39m
[35m[HTTP][39m [37m<-- GET /wd/hub/status [39m[32m200[39m [90m2 ms - 68[39m
[35m[HTTP][39m [90m[39m
[35m[HTTP][39m [37m-->[39m [37mPOST[39m [37m/wd/hub/session[39m
[35m[HTTP][39m [90m{"desiredCapabilities":{"app":"C:\\Users\\CROWDO 1\\Downloads\\Crowdo Mobile - v2.0-beta.17(1) - 20220720-universal-debug (1).apk","noReset":true,"deviceName":"samsung SM-G9810 (Android 7.1.2)","fullReset":false,"platform":"ANDROID","newCommandTimeout":1800,"platformVersion":"7.1.2","automationName":"uiautomator2","autoGrantPermissions":true,"platformName":"Android","udid":"127.0.0.1:62001","systemPort":58252},"capabilities":{"firstMatch":[{"appium:app":"C:\\Users\\CROWDO 1\\Downloads\\Crowdo Mobile - v2.0-beta.17(1) - 20220720-universal-debug (1).apk","appium:autoGrantPermissions":true,"appium:automationName":"uiautomator2","appium:deviceName":"samsung SM-G9810 (Android 7.1.2)","appium:fullReset":false,"appium:newCommandTimeout":1800,"appium:noReset":true,"platform":"ANDROID","platformName":"android","appium:platformVersion":"7.1.2","appium:systemPort":58252,"appium:udid":"127.0.0.1:62001"}]}}[39m
[35m[BaseDriver][39m The following capabilities are not standard capabilities and should have an extension prefix:
[35m[BaseDriver][39m   platform
[35m[BaseDriver][39m   chromedriverPort
[35m[Appium][39m Appium v1.22.3 creating new AndroidUiautomator2Driver (v1.70.1) session
[35m[BaseDriver][39m The following capabilities were provided, but are not recognized by Appium:
[35m[BaseDriver][39m   platform
[35m[BaseDriver][39m Session created with session id: da101435-8615-460c-a60c-b969cbeada25
[35m[BaseDriver][39m Using local app 'C:\Users\CROWDO 1\Downloads\Crowdo Mobile - v2.0-beta.17(1) - 20220720-universal-debug (1).apk'
[35m[ADB][39m Found 1 'build-tools' folders under 'C:\Users\CROWDO 1\.katalon\tools\android_sdk' (newest first):
[35m[ADB][39m     C:/Users/CROWDO 1/.katalon/tools/android_sdk/build-tools/29.0.3
[35m[ADB][39m Using 'adb.exe' from 'C:\Users\CROWDO 1\.katalon\tools\android_sdk\platform-tools\adb.exe'
[35m[AndroidDriver][39m Retrieving device list
[35m[AndroidDriver][39m Using device: 127.0.0.1:62001
[35m[ADB][39m Using 'adb.exe' from 'C:\Users\CROWDO 1\.katalon\tools\android_sdk\platform-tools\adb.exe'
[35m[ADB][39m Package name: 'com.crowdo.android'
[35m[ADB][39m Main activity name: 'com.crowdo.android.feature.splashscreen.SplashScreenActivity'
[35m[ADB][39m Using 'apksigner.jar' from 'C:\Users\CROWDO 1\.katalon\tools\android_sdk\build-tools\29.0.3\lib\apksigner.jar'
[35m[ADB][39m 'C:\Users\CROWDO 1\AppData\Roaming\npm\node_modules\appium\node_modules\appium-uiautomator2-server\apks\appium-uiautomator2-server-v4.27.0.apk' is signed with the default certificate
[35m[ADB][39m 'C:\Users\CROWDO 1\AppData\Roaming\npm\node_modules\appium\node_modules\appium-uiautomator2-server\apks\appium-uiautomator2-server-debug-androidTest.apk' is signed with the default certificate
[35m[UiAutomator2][39m Server packages are not going to be (re)installed
[35m[ADB][39m Adding packages ["io.appium.settings","io.appium.uiautomator2.server","io.appium.uiautomator2.server.test"] to Doze whitelist
[35m[ADB][39m 'C:\Users\CROWDO 1\Downloads\Crowdo Mobile - v2.0-beta.17(1) - 20220720-universal-debug (1).apk' is signed with a non-default certificate
[35m[UiAutomator2][39m Starting UIAutomator2 server 4.27.0
[35m[UiAutomator2][39m Using UIAutomator2 server from 'C:\Users\CROWDO 1\AppData\Roaming\npm\node_modules\appium\node_modules\appium-uiautomator2-server\apks\appium-uiautomator2-server-v4.27.0.apk' and test from 'C:\Users\CROWDO 1\AppData\Roaming\npm\node_modules\appium\node_modules\appium-uiautomator2-server\apks\appium-uiautomator2-server-debug-androidTest.apk'
[35m[UiAutomator2][39m Waiting up to 30000ms for UiAutomator2 to be online...
[35m[WD Proxy][39m socket hang up
[35m[WD Proxy][39m socket hang up
[35m[WD Proxy][39m socket hang up
[35m[WD Proxy][39m socket hang up
[35m[WD Proxy][39m socket hang up
[35m[WD Proxy][39m socket hang up
[35m[WD Proxy][39m socket hang up
[35m[WD Proxy][39m socket hang up
[35m[WD Proxy][39m socket hang up
[35m[WD Proxy][39m socket hang up
[35m[WD Proxy][39m socket hang up
[35m[WD Proxy][39m socket hang up
[35m[WD Proxy][39m socket hang up
[35m[WD Proxy][39m socket hang up
[35m[WD Proxy][39m socket hang up
[35m[WD Proxy][39m socket hang up
[35m[WD Proxy][39m socket hang up
[35m[WD Proxy][39m socket hang up
[35m[WD Proxy][39m socket hang up
[35m[WD Proxy][39m socket hang up
[35m[WD Proxy][39m socket hang up
[35m[WD Proxy][39m socket hang up
[35m[WD Proxy][39m socket hang up
[35m[WD Proxy][39m socket hang up
[35m[WD Proxy][39m socket hang up
[35m[WD Proxy][39m socket hang up
[35m[WD Proxy][39m socket hang up
[35m[WD Proxy][39m socket hang up
[35m[WD Proxy][39m socket hang up
[35m[WD Proxy][39m socket hang up
[35m[WD Proxy][39m socket hang up
[35m[UiAutomator2][39m Did not get confirmation UiAutomator2 deleteSession worked; Error was: UnknownError: An unknown server-side error occurred while processing the command. Original error: Trying to proxy a session command without session id
[35m[UiAutomator2][39m Unable to force stop app: Error executing adbExec. Original error: 'Command ''C:\\Users\\CROWDO 1\\.katalon\\tools\\android_sdk\\platform-tools\\adb.exe' -P 5037 -s 127.0.0.1\:62001 shell am force-stop com.crowdo.android' exited with code 134'; Command output: <empty>
[35m[HTTP][39m [37m<-- POST /wd/hub/session [39m[31m500[39m [90m50008 ms - 1065[39m
[35m[HTTP][39m [90m[39m
